<?xml version="1.0" encoding="UTF-8"?>
<!-- Generated by org.testng.reporters.JUnitXMLReporter -->
<testsuite hostname="CHENMACL55" ignored="0" name="TC_Quotes_Delete" tests="1" failures="1" timestamp="2022-05-26T13:33:31 IST" time="6.425" errors="0">
  <testcase name="DeleteQuotes" time="1.069" classname="Test_Cases.TC_Quotes_Delete">
    <failure type="org.openqa.selenium.ElementClickInterceptedException" message="element click intercepted: Element &amp;lt;span class=&amp;quot;font-medium text-sm mb-0.5 group-hover:text-blue-500&amp;quot;&amp;gt;...&amp;lt;/span&amp;gt; is not clickable at point (150, 177). Other element would receive the click: &amp;lt;div class=&amp;quot;fixed inset-0 bg-gray-500 bg-opacity-75 transition-opacity&amp;quot; aria-hidden=&amp;quot;true&amp;quot;&amp;gt;&amp;lt;/div&amp;gt;
  (Session info: chrome=101.0.4951.64)
Build info: version: &amp;apos;4.1.1&amp;apos;, revision: &amp;apos;e8fcc2cecf&amp;apos;
System info: host: &amp;apos;CHENMACL55&amp;apos;, ip: &amp;apos;fe80:0:0:0:468:30f8:623e:9fe%en0&amp;apos;, os.name: &amp;apos;Mac OS X&amp;apos;, os.arch: &amp;apos;x86_64&amp;apos;, os.version: &amp;apos;10.15.7&amp;apos;, java.version: &amp;apos;1.8.0_144&amp;apos;
Driver info: org.openqa.selenium.chrome.ChromeDriver
Command: [f55cd1cb6c642841ffb61bd17a5df503, clickElement {id=61932dbf-30a0-4c52-85cc-7e85684eda34}]
Capabilities {acceptInsecureCerts: false, browserName: chrome, browserVersion: 101.0.4951.64, chrome: {chromedriverVersion: 101.0.4951.41 (93c720db8323..., userDataDir: /var/folders/xw/srythx6179q...}, goog:chromeOptions: {debuggerAddress: localhost:51325}, javascriptEnabled: true, networkConnectionEnabled: false, pageLoadStrategy: normal, platform: MAC, platformName: MAC, proxy: Proxy(), se:cdp: ws://localhost:51325/devtoo..., se:cdpVersion: 101.0.4951.64, setWindowRect: true, strictFileInteractability: false, timeouts: {implicit: 0, pageLoad: 300000, script: 30000}, unhandledPromptBehavior: dismiss and notify, webauthn:extension:credBlob: true, webauthn:extension:largeBlob: true, webauthn:virtualAuthenticators: true}
Element: [[ChromeDriver: chrome on MAC (f55cd1cb6c642841ffb61bd17a5df503)] -&amp;gt; xpath: //*[contains(text(),&amp;apos;Menu&amp;apos;)]//following-sibling::div//*[text()=&amp;apos;Quotes&amp;apos;]]
Session ID: f55cd1cb6c642841ffb61bd17a5df503">
      <![CDATA[org.openqa.selenium.ElementClickInterceptedException: element click intercepted: Element <span class="font-medium text-sm mb-0.5 group-hover:text-blue-500">...</span> is not clickable at point (150, 177). Other element would receive the click: <div class="fixed inset-0 bg-gray-500 bg-opacity-75 transition-opacity" aria-hidden="true"></div>
  (Session info: chrome=101.0.4951.64)
Build info: version: '4.1.1', revision: 'e8fcc2cecf'
System info: host: 'CHENMACL55', ip: 'fe80:0:0:0:468:30f8:623e:9fe%en0', os.name: 'Mac OS X', os.arch: 'x86_64', os.version: '10.15.7', java.version: '1.8.0_144'
Driver info: org.openqa.selenium.chrome.ChromeDriver
Command: [f55cd1cb6c642841ffb61bd17a5df503, clickElement {id=61932dbf-30a0-4c52-85cc-7e85684eda34}]
Capabilities {acceptInsecureCerts: false, browserName: chrome, browserVersion: 101.0.4951.64, chrome: {chromedriverVersion: 101.0.4951.41 (93c720db8323..., userDataDir: /var/folders/xw/srythx6179q...}, goog:chromeOptions: {debuggerAddress: localhost:51325}, javascriptEnabled: true, networkConnectionEnabled: false, pageLoadStrategy: normal, platform: MAC, platformName: MAC, proxy: Proxy(), se:cdp: ws://localhost:51325/devtoo..., se:cdpVersion: 101.0.4951.64, setWindowRect: true, strictFileInteractability: false, timeouts: {implicit: 0, pageLoad: 300000, script: 30000}, unhandledPromptBehavior: dismiss and notify, webauthn:extension:credBlob: true, webauthn:extension:largeBlob: true, webauthn:virtualAuthenticators: true}
Element: [[ChromeDriver: chrome on MAC (f55cd1cb6c642841ffb61bd17a5df503)] -> xpath: //*[contains(text(),'Menu')]//following-sibling::div//*[text()='Quotes']]
Session ID: f55cd1cb6c642841ffb61bd17a5df503
at org.openqa.selenium.remote.codec.w3c.W3CHttpResponseCodec.createException(W3CHttpResponseCodec.java:200)
at org.openqa.selenium.remote.codec.w3c.W3CHttpResponseCodec.decode(W3CHttpResponseCodec.java:133)
at org.openqa.selenium.remote.codec.w3c.W3CHttpResponseCodec.decode(W3CHttpResponseCodec.java:53)
at org.openqa.selenium.remote.HttpCommandExecutor.execute(HttpCommandExecutor.java:184)
at org.openqa.selenium.remote.service.DriverCommandExecutor.invokeExecute(DriverCommandExecutor.java:167)
at org.openqa.selenium.remote.service.DriverCommandExecutor.execute(DriverCommandExecutor.java:142)
at org.openqa.selenium.remote.RemoteWebDriver.execute(RemoteWebDriver.java:543)
at org.openqa.selenium.remote.RemoteWebElement.execute(RemoteWebElement.java:251)
at org.openqa.selenium.remote.RemoteWebElement.click(RemoteWebElement.java:77)
at org.openqa.selenium.support.pagefactory.internal.LocatingElementHandler.invoke(LocatingElementHandler.java:52)
at com.sun.proxy.$Proxy21.click(Unknown Source)
at Object_Repository.Page_LeftMenu.clickQuotes(Page_LeftMenu.java:51)
at Test_Cases.TC_Quotes_Delete.DeleteQuotes(TC_Quotes_Delete.java:27)
at java.util.ArrayList.forEach(ArrayList.java:1249)
... Removed 35 stack frames]]>
    </failure>
  </testcase> <!-- DeleteQuotes -->
</testsuite> <!-- TC_Quotes_Delete -->
