<!DOCTYPE html PUBLIC "-//W3C//DTD XHTML 1.1//EN" "https://www.w3.org/TR/xhtml11/DTD/xhtml11.dtd">
<html xmlns="https://www.w3.org/1999/xhtml">
<head>
<meta http-equiv="content-type" content="text/html; charset=UTF-8"/>
<title>TestNG Report</title>
<style type="text/css">table {margin-bottom:10px;border-collapse:collapse;empty-cells:show}th,td {border:1px solid #009;padding:.25em .5em}th {vertical-align:bottom}td {vertical-align:top}table a {font-weight:bold}.stripe td {background-color: #E6EBF9}.num {text-align:right}.passedodd td {background-color: #3F3}.passedeven td {background-color: #0A0}.skippedodd td {background-color: #DDD}.skippedeven td {background-color: #CCC}.failedodd td,.attn {background-color: #F33}.failedeven td,.stripe .attn {background-color: #D00}.stacktrace {white-space:pre;font-family:monospace}.totop {font-size:85%;text-align:center;border-bottom:2px solid #000}.invisible {display:none}</style>
</head>
<body>
<table>
<tr><th>Test</th><th># Passed</th><th># Skipped</th><th># Retried</th><th># Failed</th><th>Time (ms)</th><th>Included Groups</th><th>Excluded Groups</th></tr>
<tr><th colspan="8">TSC_CilentFunctionality</th></tr>
<tr><td><a href="#t0">TC_LoginFunctionality</a></td><td class="num">0</td><td class="num attn">1</td><td class="num">0</td><td class="num attn">1</td><td class="num">1,112</td><td></td><td></td></tr>
<tr class="stripe"><td><a href="#t1">TC_CreateCilentsFunctionality</a></td><td class="num">0</td><td class="num attn">1</td><td class="num">0</td><td class="num attn">1</td><td class="num">125</td><td></td><td></td></tr>
<tr><td><a href="#t2">TC_EditCilentsFunctionality</a></td><td class="num">0</td><td class="num attn">1</td><td class="num">0</td><td class="num">0</td><td class="num">96</td><td></td><td></td></tr>
<tr><th>Total</th><th class="num">0</th><th class="num attn">3</th><th class="num">0</th><th class="num attn">2</th><th class="num">1,333</th><th colspan="2"></th></tr>
</table>
<table id='summary'><thead><tr><th>Class</th><th>Method</th><th>Start</th><th>Time (ms)</th></tr></thead><tbody><tr><th colspan="4">TSC_CilentFunctionality</th></tr></tbody><tbody id="t0"><tr><th colspan="4">TC_LoginFunctionality &#8212; failed</th></tr><tr class="failedeven"><td rowspan="1">Test_Cases.TC_Login</td><td><a href="#m0">Logintest</a></td><td rowspan="1">1653652621371</td><td rowspan="1">826</td></tr><tr><th colspan="4">TC_LoginFunctionality &#8212; skipped (configuration methods)</th></tr><tr class="skippedeven"><td rowspan="1">Test_Cases.TC_Login</td><td><a href="#m1">delay</a></td><td rowspan="1">1653652621354</td><td rowspan="1">-1653652621354</td></tr><tr><th colspan="4">TC_LoginFunctionality &#8212; skipped</th></tr><tr class="skippedeven"><td rowspan="1">Test_Cases.TC_Login</td><td><a href="#m2">Logintest</a></td><td rowspan="1">1653652622185</td><td rowspan="1">0</td></tr></tbody>
<tbody id="t1"><tr><th colspan="4">TC_CreateCilentsFunctionality &#8212; failed</th></tr><tr class="failedeven"><td rowspan="1">Test_Cases.TC_Client_Create</td><td><a href="#m3">CreateCilents</a></td><td rowspan="1">1653652622644</td><td rowspan="1">119</td></tr><tr><th colspan="4">TC_CreateCilentsFunctionality &#8212; skipped (configuration methods)</th></tr><tr class="skippedeven"><td rowspan="1">Test_Cases.TC_Client_Create</td><td><a href="#m4">delay</a></td><td rowspan="1">1653652622642</td><td rowspan="1">-1653652622642</td></tr><tr><th colspan="4">TC_CreateCilentsFunctionality &#8212; skipped</th></tr><tr class="skippedeven"><td rowspan="1">Test_Cases.TC_Client_Create</td><td><a href="#m5">CreateCilents</a></td><td rowspan="1">1653652622762</td><td rowspan="1">0</td></tr></tbody>
<tbody id="t2"><tr><th colspan="4">TC_EditCilentsFunctionality &#8212; failed (configuration methods)</th></tr><tr class="failedeven"><td rowspan="1">Test_Cases.TC_Client_Edit</td><td><a href="#m6">setup</a></td><td rowspan="1">1653652620888</td><td rowspan="1">194</td></tr><tr><th colspan="4">TC_EditCilentsFunctionality &#8212; skipped (configuration methods)</th></tr><tr class="skippedeven"><td rowspan="2">Test_Cases.TC_Client_Edit</td><td><a href="#m7">delay</a></td><td rowspan="1">1653652622822</td><td rowspan="1">-1653652622822</td></tr><tr class="skippedeven"><td><a href="#m8">tearDown</a></td><td rowspan="1">1653652622973</td><td rowspan="1">-1653652622973</td></tr><tr><th colspan="4">TC_EditCilentsFunctionality &#8212; skipped</th></tr><tr class="skippedeven"><td rowspan="1">Test_Cases.TC_Client_Edit</td><td><a href="#m9">EditCilents</a></td><td rowspan="1">1653652622915</td><td rowspan="1">0</td></tr></tbody>
</table>
<h2>TC_LoginFunctionality</h2><h3 id="m0">Test_Cases.TC_Login#Logintest</h3><table class="result"><tr><th>Exception</th></tr><tr><td><div class="stacktrace">java.lang.NullPointerException
	at testUtilities.ExtentReportManager.onTestSkipped(ExtentReportManager.java:98)
	at java.util.ArrayList.forEach(ArrayList.java:1249)
... Removed 25 stack frames</div></td></tr></table><p class="totop"><a href="#summary">back to summary</a></p>
<h3 id="m1">Test_Cases.TC_Login#delay</h3><table class="result"><tr><th class="invisible"/></tr></table><p class="totop"><a href="#summary">back to summary</a></p>
<h3 id="m2">Test_Cases.TC_Login#Logintest</h3><table class="result"><tr class="param"><th>Parameter #1</th><th>Parameter #2</th><th>Parameter #3</th></tr><tr class="param stripe"><td>Admin</td><td>admintest@sgkinc.com</td><td>Welcome123!</td></tr></table><p class="totop"><a href="#summary">back to summary</a></p>
<h2>TC_CreateCilentsFunctionality</h2><h3 id="m3">Test_Cases.TC_Client_Create#CreateCilents</h3><table class="result"><tr><th>Exception</th></tr><tr><td><div class="stacktrace">java.lang.NullPointerException
	at testUtilities.ExtentReportManager.onTestSkipped(ExtentReportManager.java:98)
	at java.util.ArrayList.forEach(ArrayList.java:1249)
... Removed 25 stack frames</div></td></tr></table><p class="totop"><a href="#summary">back to summary</a></p>
<h3 id="m4">Test_Cases.TC_Client_Create#delay</h3><table class="result"><tr><th class="invisible"/></tr></table><p class="totop"><a href="#summary">back to summary</a></p>
<h3 id="m5">Test_Cases.TC_Client_Create#CreateCilents</h3><table class="result"><tr class="param"><th>Parameter #1</th><th>Parameter #2</th><th>Parameter #3</th><th>Parameter #4</th><th>Parameter #5</th><th>Parameter #6</th></tr><tr class="param stripe"><td>auto_cilent_v0526134041</td><td>siva@schawk.com</td><td>tesing</td><td>2.00</td><td>No</td><td>Yes</td></tr></table><p class="totop"><a href="#summary">back to summary</a></p>
<h2>TC_EditCilentsFunctionality</h2><h3 id="m6">Test_Cases.TC_Client_Edit#setup</h3><table class="result"><tr class="param"><th>Parameter #1</th><th>Parameter #2</th></tr><tr class="param stripe"><td>chrome</td><td>QAEnv</td></tr><tr><th colspan="2">Exception</th></tr><tr><td colspan="2"><div class="stacktrace">java.lang.IllegalStateException: The path to the driver executable The path to the driver executable must be set by the webdriver.chrome.driver system property; for more information, see https://github.com/SeleniumHQ/selenium/wiki/ChromeDriver. The latest version can be downloaded from https://chromedriver.storage.googleapis.com/index.html
	at org.openqa.selenium.internal.Require$StateChecker.nonNull(Require.java:280)
	at org.openqa.selenium.remote.service.DriverService.findExecutable(DriverService.java:135)
	at org.openqa.selenium.chrome.ChromeDriverService.access$000(ChromeDriverService.java:38)
	at org.openqa.selenium.chrome.ChromeDriverService$Builder.findDefaultExecutable(ChromeDriverService.java:231)
	at org.openqa.selenium.remote.service.DriverService$Builder.build(DriverService.java:437)
	at org.openqa.selenium.chrome.ChromeDriverService.createServiceWithConfig(ChromeDriverService.java:141)
	at org.openqa.selenium.chrome.ChromeDriver.&lt;init&gt;(ChromeDriver.java:80)
	at testBase.BaseClass.setup(BaseClass.java:65)
... Removed 19 stack frames</div></td></tr></table><p class="totop"><a href="#summary">back to summary</a></p>
<h3 id="m7">Test_Cases.TC_Client_Edit#delay</h3><table class="result"><tr><th class="invisible"/></tr></table><p class="totop"><a href="#summary">back to summary</a></p>
<h3 id="m8">Test_Cases.TC_Client_Edit#tearDown</h3><table class="result"><tr><th class="invisible"/></tr></table><p class="totop"><a href="#summary">back to summary</a></p>
<h3 id="m9">Test_Cases.TC_Client_Edit#EditCilents</h3><table class="result"><tr class="param"><th>Parameter #1</th><th>Parameter #2</th><th>Parameter #3</th><th>Parameter #4</th><th>Parameter #5</th><th>Parameter #6</th><th>Parameter #7</th></tr><tr class="param stripe"><td>auto_cilent_v0526134042</td><td>siva@schawk.com</td><td>tesing</td><td>4</td><td>Yes</td><td>on</td><td>auto_cilent_v0526134041</td></tr><tr><th colspan="7">Exception</th></tr><tr><td colspan="7"><div class="stacktrace">java.lang.IllegalStateException: The path to the driver executable The path to the driver executable must be set by the webdriver.chrome.driver system property; for more information, see https://github.com/SeleniumHQ/selenium/wiki/ChromeDriver. The latest version can be downloaded from https://chromedriver.storage.googleapis.com/index.html
	at org.openqa.selenium.internal.Require$StateChecker.nonNull(Require.java:280)
	at org.openqa.selenium.remote.service.DriverService.findExecutable(DriverService.java:135)
	at org.openqa.selenium.chrome.ChromeDriverService.access$000(ChromeDriverService.java:38)
	at org.openqa.selenium.chrome.ChromeDriverService$Builder.findDefaultExecutable(ChromeDriverService.java:231)
	at org.openqa.selenium.remote.service.DriverService$Builder.build(DriverService.java:437)
	at org.openqa.selenium.chrome.ChromeDriverService.createServiceWithConfig(ChromeDriverService.java:141)
	at org.openqa.selenium.chrome.ChromeDriver.&lt;init&gt;(ChromeDriver.java:80)
	at testBase.BaseClass.setup(BaseClass.java:65)
... Removed 19 stack frames</div></td></tr></table><p class="totop"><a href="#summary">back to summary</a></p>
</body>
</html>
